<?xml version="1.0" encoding="UTF-8"?>
<!-- Generated by org.testng.reporters.JUnitReportReporter -->
<testsuite skipped="0" hostname="MBARNWALE6440" name="com.sg.ers.controller.EmployeeControllerTest" tests="2" failures="0" timestamp="18 Jan 2019 15:40:52 GMT" time="0.228" errors="0">
  <testcase name="testGetAllEmployees" time="0.184" classname="com.sg.ers.controller.EmployeeControllerTest"/>
  <testcase name="testRegisterEmployee" time="0.044" classname="com.sg.ers.controller.EmployeeControllerTest"/>
</testsuite> <!-- com.sg.ers.controller.EmployeeControllerTest -->
