<?xml version="1.0" encoding="UTF-8"?>
<!-- Generated by org.testng.reporters.JUnitReportReporter -->
<testsuite skipped="0" hostname="MBARNWALE6440" name="com.tangoe.spring.controller.EmployeeControllerTest" tests="2" failures="0" timestamp="18 Jan 2019 14:22:20 GMT" time="0.242" errors="0">
  <testcase name="testGetAllEmployees" time="0.191" classname="com.tangoe.spring.controller.EmployeeControllerTest"/>
  <testcase name="testRegisterEmployee" time="0.051" classname="com.tangoe.spring.controller.EmployeeControllerTest"/>
</testsuite> <!-- com.tangoe.spring.controller.EmployeeControllerTest -->
