<?xml version="1.0" encoding="UTF-8"?>
<!-- Generated by org.testng.reporters.JUnitReportReporter -->
<testsuite skipped="0" hostname="MBARNWALE6440" name="com.tangoe.spring.configuration.HibernateConfigurationTest" tests="1" failures="0" timestamp="18 Jan 2019 14:01:39 GMT" time="13.634" errors="1">
  <testcase name="testSessionFactory" time="13.634" classname="com.tangoe.spring.configuration.HibernateConfigurationTest">
    <error type="java.lang.IllegalStateException" message="Could not load JDBC driver class [${db.driver}]">
      <![CDATA[java.lang.IllegalStateException: Could not load JDBC driver class [${db.driver}]
at org.springframework.jdbc.datasource.DriverManagerDataSource.setDriverClassName(DriverManagerDataSource.java:130)
at com.tangoe.spring.configuration.HibernateConfiguration.dataSource(HibernateConfiguration.java:62)
at com.tangoe.spring.configuration.HibernateConfiguration.sessionFactory(HibernateConfiguration.java:48)
at com.tangoe.spring.configuration.HibernateConfigurationTest.testSessionFactory(HibernateConfigurationTest.java:21)
Caused by: java.lang.ClassNotFoundException: ${db.driver}
at java.net.URLClassLoader.findClass(URLClassLoader.java:381)
at java.lang.ClassLoader.loadClass(ClassLoader.java:424)
at java.lang.ClassLoader.loadClass(ClassLoader.java:357)
at java.lang.Class.forName0(Native Method)
at java.lang.Class.forName(Class.java:348)
at org.springframework.jdbc.datasource.DriverManagerDataSource.setDriverClassName(DriverManagerDataSource.java:127)
... 3 more
]]>
    </error>
  </testcase> <!-- testSessionFactory -->
</testsuite> <!-- com.tangoe.spring.configuration.HibernateConfigurationTest -->
